app/build/intermediates/manifest_merge_blame_file/debug/manifest-merger-blame-debug-report.txt
1<?xml version="1.0" encoding="utf-8"?>
2<manifest xmlns:android="http://schemas.android.com/apk/res/android"
3    package="gjz.ControlPC"
4    android:versionCode="1"
5    android:versionName="1.0" >
6
7    <uses-sdk
7-->src\main\AndroidManifest.xml:7:5-18
8        android:minSdkVersion="25"
8-->src\main\AndroidManifest.xml:7:5-18
9        android:targetSdkVersion="28" />
9-->src\main\AndroidManifest.xml:7:5-18
10
11    <uses-permission android:name="android.permission.ACCESS_WIFI_STATE" />
11-->src\main\AndroidManifest.xml:9:5-76
11-->src\main\AndroidManifest.xml:9:22-73
12    <uses-permission android:name="android.permission.WRITE_SETTINGS" />
12-->src\main\AndroidManifest.xml:24:2-70
12-->src\main\AndroidManifest.xml:24:19-67
13    <uses-permission android:name="android.permission.INTERNET" />
13-->src\main\AndroidManifest.xml:25:2-64
13-->src\main\AndroidManifest.xml:25:19-61
14    <uses-permission android:name="android.permission.READ_PHONE_STATE" />
14-->src\main\AndroidManifest.xml:26:5-75
14-->src\main\AndroidManifest.xml:26:22-72
15    <uses-permission android:name="android.permission.ACCESS_NETWORK_STATE" />
15-->src\main\AndroidManifest.xml:27:2-76
15-->src\main\AndroidManifest.xml:27:19-73
16
17    <application
17-->src\main\AndroidManifest.xml:10:5-23:19
18        android:debuggable="true"
19        android:extractNativeLibs="false"
20        android:icon="@drawable/ic_launcher"
20-->src\main\AndroidManifest.xml:11:9-45
21        android:label="@string/app_name"
21-->src\main\AndroidManifest.xml:12:9-41
22        android:testOnly="true" >
23        <activity
23-->src\main\AndroidManifest.xml:13:9-21:20
24            android:name="gjz.ControlPC.ControlPCActivity"
24-->src\main\AndroidManifest.xml:15:13-46
25            android:label="@string/app_name" >
25-->src\main\AndroidManifest.xml:14:13-45
26            <intent-filter>
26-->src\main\AndroidManifest.xml:16:13-20:29
27                <action android:name="android.intent.action.MAIN" />
27-->src\main\AndroidManifest.xml:17:17-69
27-->src\main\AndroidManifest.xml:17:25-66
28
29                <category android:name="android.intent.category.LAUNCHER" />
29-->src\main\AndroidManifest.xml:19:17-77
29-->src\main\AndroidManifest.xml:19:27-74
30            </intent-filter>
31        </activity>
32        <activity android:name="gjz.ControlPC.mouseActivity" />
32-->src\main\AndroidManifest.xml:22:9-51
32-->src\main\AndroidManifest.xml:22:19-48
33    </application>
34
35</manifest>